SF:lib/main.dart
DA:4,0
DA:5,0
DA:9,3
DA:11,1
DA:13,1
DA:15,1
DA:16,1
LF:7
LH:5
end_of_record
SF:lib/presentation/fibonacci_page.dart
DA:7,3
DA:9,2
DA:10,2
DA:43,2
DA:45,2
DA:47,4
DA:48,2
DA:49,6
DA:51,2
DA:52,2
DA:54,4
DA:55,2
DA:56,6
DA:58,2
DA:59,2
DA:61,4
DA:62,2
DA:63,6
DA:65,2
DA:66,2
DA:68,2
DA:71,2
DA:72,4
DA:73,18
DA:74,10
DA:75,6
DA:83,1
DA:84,2
DA:85,4
DA:86,7
DA:91,1
DA:92,2
DA:93,2
DA:94,1
DA:95,5
DA:97,3
DA:98,2
DA:99,4
DA:101,3
DA:106,1
DA:107,2
DA:108,1
DA:112,2
DA:114,2
DA:115,2
DA:118,2
DA:119,4
DA:120,2
DA:121,2
DA:122,1
DA:123,2
DA:124,1
DA:125,3
DA:126,3
DA:127,3
DA:131,1
DA:132,1
DA:133,3
DA:134,3
DA:137,4
DA:138,1
DA:140,3
DA:141,2
DA:145,10
DA:148,2
DA:150,14
DA:151,6
DA:158,1
DA:163,1
DA:164,5
DA:166,1
DA:167,1
DA:170,1
DA:171,1
DA:173,3
DA:174,4
DA:175,1
DA:177,1
DA:178,1
DA:181,1
DA:182,4
DA:185,1
DA:186,1
DA:187,1
DA:188,1
DA:189,1
DA:190,1
DA:191,2
DA:192,2
DA:193,2
DA:196,3
DA:198,1
DA:201,3
DA:204,1
DA:205,3
DA:206,3
DA:207,2
LF:97
LH:97
end_of_record
SF:lib/model/fibonacci_model.dart
DA:8,1
LF:1
LH:1
end_of_record
SF:lib/widget/crad_item.dart
DA:11,2
DA:21,2
DA:23,2
DA:24,2
DA:25,2
DA:27,3
DA:28,2
DA:30,2
DA:31,2
DA:33,2
DA:34,2
DA:35,2
DA:40,2
DA:41,2
DA:48,2
DA:49,2
LF:16
LH:16
end_of_record
